=2022-01-18 10:17:12,026 [restartedMain] INFO  c.l.c.a.CrsDevAppRestApplication                   : /Starting CrsDevAppRestApplication using Java 17.0.1 on DESKTOP-IR1M35G with PID 5396 (D:\CRS-DEV-APP-REST\target\classes started by Admin in D:\CRS-DEV-APP-REST)
=2022-01-18 10:17:12,093 [restartedMain] INFO  c.l.c.a.CrsDevAppRestApplication                   : /No active profile set, falling back to default profiles: default
=2022-01-18 10:17:12,426 [restartedMain] INFO  o.s.b.d.e.DevToolsPropertyDefaultsPostProcessor    : /Devtools property defaults active! Set 'spring.devtools.add-properties' to 'false' to disable
=2022-01-18 10:17:12,428 [restartedMain] INFO  o.s.b.d.e.DevToolsPropertyDefaultsPostProcessor    : /For additional web related logging consider setting the 'logging.level.web' property to 'DEBUG'
=2022-01-18 10:17:14,552 [restartedMain] INFO  o.s.d.r.c.RepositoryConfigurationDelegate          : /Bootstrapping Spring Data JPA repositories in DEFAULT mode.
=2022-01-18 10:17:14,723 [restartedMain] INFO  o.s.d.r.c.RepositoryConfigurationDelegate          : /Finished Spring Data repository scanning in 152 ms. Found 9 JPA repository interfaces.
=2022-01-18 10:17:16,393 [restartedMain] INFO  o.s.b.w.embedded.tomcat.TomcatWebServer            : /Tomcat initialized with port(s): 1234 (http)
=2022-01-18 10:17:16,411 [restartedMain] INFO  org.apache.catalina.core.StandardService           : /Starting service [Tomcat]
=2022-01-18 10:17:16,414 [restartedMain] INFO  org.apache.catalina.core.StandardEngine            : /Starting Servlet engine: [Apache Tomcat/9.0.56]
=2022-01-18 10:17:16,711 [restartedMain] INFO  o.a.c.c.C.[Tomcat].[localhost].[/]                 : /Initializing Spring embedded WebApplicationContext
=2022-01-18 10:17:16,713 [restartedMain] INFO  o.s.b.w.s.c.ServletWebServerApplicationContext     : /Root WebApplicationContext: initialization completed in 4282 ms
=2022-01-18 10:17:17,366 [restartedMain] INFO  o.hibernate.jpa.internal.util.LogHelper            : /HHH000204: Processing PersistenceUnitInfo [name: default]
=2022-01-18 10:17:17,490 [restartedMain] INFO  org.hibernate.Version                              : /HHH000412: Hibernate ORM core version 5.6.3.Final
=2022-01-18 10:17:17,857 [restartedMain] INFO  org.hibernate.annotations.common.Version           : /HCANN000001: Hibernate Commons Annotations {5.1.2.Final}
=2022-01-18 10:17:18,074 [restartedMain] INFO  com.zaxxer.hikari.HikariDataSource                 : /HikariPool-1 - Starting...
=2022-01-18 10:17:18,413 [restartedMain] INFO  com.zaxxer.hikari.HikariDataSource                 : /HikariPool-1 - Start completed.
=2022-01-18 10:17:18,463 [restartedMain] INFO  org.hibernate.dialect.Dialect                      : /HHH000400: Using dialect: org.hibernate.dialect.MySQL5Dialect
=2022-01-18 10:17:20,371 [restartedMain] INFO  o.h.e.t.j.p.i.JtaPlatformInitiator                 : /HHH000490: Using JtaPlatform implementation: [org.hibernate.engine.transaction.jta.platform.internal.NoJtaPlatform]
=2022-01-18 10:17:20,390 [restartedMain] INFO  o.s.o.j.LocalContainerEntityManagerFactoryBean     : /Initialized JPA EntityManagerFactory for persistence unit 'default'
=2022-01-18 10:17:21,627 [restartedMain] WARN  o.s.b.a.o.j.JpaBaseConfiguration$JpaWebConfiguration : /spring.jpa.open-in-view is enabled by default. Therefore, database queries may be performed during view rendering. Explicitly configure spring.jpa.open-in-view to disable this warning
=2022-01-18 10:17:23,186 [restartedMain] INFO  o.s.b.d.a.OptionalLiveReloadServer                 : /LiveReload server is running on port 35729
=2022-01-18 10:17:23,404 [restartedMain] INFO  o.s.b.w.embedded.tomcat.TomcatWebServer            : /Tomcat started on port(s): 1234 (http) with context path ''
=2022-01-18 10:17:23,421 [restartedMain] INFO  c.l.c.a.CrsDevAppRestApplication                   : /Started CrsDevAppRestApplication in 13.045 seconds (JVM running for 15.115)
=2022-01-18 10:17:31,405 [http-nio-1234-exec-1] INFO  o.a.c.c.C.[Tomcat].[localhost].[/]                 : /Initializing Spring DispatcherServlet 'dispatcherServlet'
=2022-01-18 10:17:31,405 [http-nio-1234-exec-1] INFO  o.s.web.servlet.DispatcherServlet                  : /Initializing Servlet 'dispatcherServlet'
=2022-01-18 10:17:31,410 [http-nio-1234-exec-1] INFO  o.s.web.servlet.DispatcherServlet                  : /Completed initialization in 4 ms
=2022-01-18 10:17:33,232 [http-nio-1234-exec-6] INFO  o.springdoc.api.AbstractOpenApiResource            : /Init duration for springdoc-openapi is: 776 ms
