=2022-01-17 13:22:00,797 [restartedMain] INFO  com.lt.crs.application.CrsDevAppRestApplication                : /Starting CrsDevAppRestApplication using Java 17.0.1 on DESKTOP-IR1M35G with PID 14308 (D:\CRS-DEV-APP-REST\target\classes started by Admin in D:\CRS-DEV-APP-REST)
=2022-01-17 13:22:00,808 [restartedMain] INFO  com.lt.crs.application.CrsDevAppRestApplication                : /No active profile set, falling back to default profiles: default
=2022-01-17 13:22:01,017 [restartedMain] INFO  o.s.b.d.e.DevToolsPropertyDefaultsPostProcessor    : /Devtools property defaults active! Set 'spring.devtools.add-properties' to 'false' to disable
=2022-01-17 13:22:01,019 [restartedMain] INFO  o.s.b.d.e.DevToolsPropertyDefaultsPostProcessor    : /For additional web related logging consider setting the 'logging.level.web' property to 'DEBUG'
=2022-01-17 13:22:02,370 [restartedMain] INFO  o.s.d.r.c.RepositoryConfigurationDelegate          : /Bootstrapping Spring Data JPA repositories in DEFAULT mode.
=2022-01-17 13:22:02,546 [restartedMain] INFO  o.s.d.r.c.RepositoryConfigurationDelegate          : /Finished Spring Data repository scanning in 152 ms. Found 9 JPA repository interfaces.
=2022-01-17 13:22:04,181 [restartedMain] INFO  o.s.b.w.embedded.tomcat.TomcatWebServer            : /Tomcat initialized with port(s): 1234 (http)
=2022-01-17 13:22:04,197 [restartedMain] INFO  org.apache.catalina.core.StandardService           : /Starting service [Tomcat]
=2022-01-17 13:22:04,199 [restartedMain] INFO  org.apache.catalina.core.StandardEngine            : /Starting Servlet engine: [Apache Tomcat/9.0.56]
=2022-01-17 13:22:04,393 [restartedMain] INFO  o.a.c.c.C.[Tomcat].[localhost].[/]                 : /Initializing Spring embedded WebApplicationContext
=2022-01-17 13:22:04,394 [restartedMain] INFO  o.s.b.w.s.c.ServletWebServerApplicationContext     : /Root WebApplicationContext: initialization completed in 3373 ms
=2022-01-17 13:22:04,529 [restartedMain] ERROR com.zaxxer.hikari.HikariConfig                     : /Failed to load driver class com.mysql.cj.jdbc.Driver from HikariConfig class classloader jdk.internal.loader.ClassLoaders$AppClassLoader@2aae9190
=2022-01-17 13:22:04,537 [restartedMain] WARN  o.s.b.w.s.c.AnnotationConfigServletWebServerApplicationContext : /Exception encountered during context initialization - cancelling refresh attempt: org.springframework.beans.factory.UnsatisfiedDependencyException: Error creating bean with name 'dataSourceScriptDatabaseInitializer' defined in class path resource [org/springframework/boot/autoconfigure/sql/init/DataSourceInitializationConfiguration.class]: Unsatisfied dependency expressed through method 'dataSourceScriptDatabaseInitializer' parameter 0; nested exception is org.springframework.beans.factory.BeanCreationException: Error creating bean with name 'dataSource' defined in class path resource [org/springframework/boot/autoconfigure/jdbc/DataSourceConfiguration$Hikari.class]: Bean instantiation via factory method failed; nested exception is org.springframework.beans.BeanInstantiationException: Failed to instantiate [com.zaxxer.hikari.HikariDataSource]: Factory method 'dataSource' threw exception; nested exception is java.lang.RuntimeException: Failed to load driver class com.mysql.cj.jdbc.Driver in either of HikariConfig class loader or Thread context classloader
=2022-01-17 13:22:04,543 [restartedMain] INFO  org.apache.catalina.core.StandardService           : /Stopping service [Tomcat]
=2022-01-17 13:22:04,567 [restartedMain] WARN  o.a.c.loader.WebappClassLoaderBase                 : /The web application [ROOT] appears to have started a thread named [Abandoned connection cleanup thread] but has failed to stop it. This is very likely to create a memory leak. Stack trace of thread:
 java.base@17.0.1/java.lang.Object.wait(Native Method)
 java.base@17.0.1/java.lang.ref.ReferenceQueue.remove(ReferenceQueue.java:155)
 app//com.mysql.jdbc.AbandonedConnectionCleanupThread.run(AbandonedConnectionCleanupThread.java:43)
=2022-01-17 13:22:04,669 [restartedMain] INFO  o.s.b.a.l.ConditionEvaluationReportLoggingListener : /

Error starting ApplicationContext. To display the conditions report re-run your application with 'debug' enabled.
=2022-01-17 13:22:04,753 [restartedMain] ERROR o.springframework.boot.SpringApplication           : /Application run failed
org.springframework.beans.factory.UnsatisfiedDependencyException: Error creating bean with name 'dataSourceScriptDatabaseInitializer' defined in class path resource [org/springframework/boot/autoconfigure/sql/init/DataSourceInitializationConfiguration.class]: Unsatisfied dependency expressed through method 'dataSourceScriptDatabaseInitializer' parameter 0; nested exception is org.springframework.beans.factory.BeanCreationException: Error creating bean with name 'dataSource' defined in class path resource [org/springframework/boot/autoconfigure/jdbc/DataSourceConfiguration$Hikari.class]: Bean instantiation via factory method failed; nested exception is org.springframework.beans.BeanInstantiationException: Failed to instantiate [com.zaxxer.hikari.HikariDataSource]: Factory method 'dataSource' threw exception; nested exception is java.lang.RuntimeException: Failed to load driver class com.mysql.cj.jdbc.Driver in either of HikariConfig class loader or Thread context classloader
	at org.springframework.beans.factory.support.ConstructorResolver.createArgumentArray(ConstructorResolver.java:800)
	at org.springframework.beans.factory.support.ConstructorResolver.instantiateUsingFactoryMethod(ConstructorResolver.java:541)
	at org.springframework.beans.factory.support.AbstractAutowireCapableBeanFactory.instantiateUsingFactoryMethod(AbstractAutowireCapableBeanFactory.java:1352)
	at org.springframework.beans.factory.support.AbstractAutowireCapableBeanFactory.createBeanInstance(AbstractAutowireCapableBeanFactory.java:1195)
	at org.springframework.beans.factory.support.AbstractAutowireCapableBeanFactory.doCreateBean(AbstractAutowireCapableBeanFactory.java:582)
	at org.springframework.beans.factory.support.AbstractAutowireCapableBeanFactory.createBean(AbstractAutowireCapableBeanFactory.java:542)
	at org.springframework.beans.factory.support.AbstractBeanFactory.lambda$doGetBean$0(AbstractBeanFactory.java:335)
	at org.springframework.beans.factory.support.DefaultSingletonBeanRegistry.getSingleton(DefaultSingletonBeanRegistry.java:234)
	at org.springframework.beans.factory.support.AbstractBeanFactory.doGetBean(AbstractBeanFactory.java:333)
	at org.springframework.beans.factory.support.AbstractBeanFactory.getBean(AbstractBeanFactory.java:208)
	at org.springframework.beans.factory.support.AbstractBeanFactory.doGetBean(AbstractBeanFactory.java:322)
	at org.springframework.beans.factory.support.AbstractBeanFactory.getBean(AbstractBeanFactory.java:208)
	at org.springframework.context.support.AbstractApplicationContext.getBean(AbstractApplicationContext.java:1154)
	at org.springframework.context.support.AbstractApplicationContext.finishBeanFactoryInitialization(AbstractApplicationContext.java:908)
	at org.springframework.context.support.AbstractApplicationContext.refresh(AbstractApplicationContext.java:583)
	at org.springframework.boot.web.servlet.context.ServletWebServerApplicationContext.refresh(ServletWebServerApplicationContext.java:145)
	at org.springframework.boot.SpringApplication.refresh(SpringApplication.java:730)
	at org.springframework.boot.SpringApplication.refreshContext(SpringApplication.java:412)
	at org.springframework.boot.SpringApplication.run(SpringApplication.java:302)
	at org.springframework.boot.SpringApplication.run(SpringApplication.java:1301)
	at org.springframework.boot.SpringApplication.run(SpringApplication.java:1290)
	at com.lt.crs.application.CrsDevAppRestApplication.main(CrsDevAppRestApplication.java:16)
	at java.base/jdk.internal.reflect.NativeMethodAccessorImpl.invoke0(Native Method)
	at java.base/jdk.internal.reflect.NativeMethodAccessorImpl.invoke(NativeMethodAccessorImpl.java:77)
	at java.base/jdk.internal.reflect.DelegatingMethodAccessorImpl.invoke(DelegatingMethodAccessorImpl.java:43)
	at java.base/java.lang.reflect.Method.invoke(Method.java:568)
	at org.springframework.boot.devtools.restart.RestartLauncher.run(RestartLauncher.java:49)
Caused by: org.springframework.beans.factory.BeanCreationException: Error creating bean with name 'dataSource' defined in class path resource [org/springframework/boot/autoconfigure/jdbc/DataSourceConfiguration$Hikari.class]: Bean instantiation via factory method failed; nested exception is org.springframework.beans.BeanInstantiationException: Failed to instantiate [com.zaxxer.hikari.HikariDataSource]: Factory method 'dataSource' threw exception; nested exception is java.lang.RuntimeException: Failed to load driver class com.mysql.cj.jdbc.Driver in either of HikariConfig class loader or Thread context classloader
	at org.springframework.beans.factory.support.ConstructorResolver.instantiate(ConstructorResolver.java:658)
	at org.springframework.beans.factory.support.ConstructorResolver.instantiateUsingFactoryMethod(ConstructorResolver.java:638)
	at org.springframework.beans.factory.support.AbstractAutowireCapableBeanFactory.instantiateUsingFactoryMethod(AbstractAutowireCapableBeanFactory.java:1352)
	at org.springframework.beans.factory.support.AbstractAutowireCapableBeanFactory.createBeanInstance(AbstractAutowireCapableBeanFactory.java:1195)
	at org.springframework.beans.factory.support.AbstractAutowireCapableBeanFactory.doCreateBean(AbstractAutowireCapableBeanFactory.java:582)
	at org.springframework.beans.factory.support.AbstractAutowireCapableBeanFactory.createBean(AbstractAutowireCapableBeanFactory.java:542)
	at org.springframework.beans.factory.support.AbstractBeanFactory.lambda$doGetBean$0(AbstractBeanFactory.java:335)
	at org.springframework.beans.factory.support.DefaultSingletonBeanRegistry.getSingleton(DefaultSingletonBeanRegistry.java:234)
	at org.springframework.beans.factory.support.AbstractBeanFactory.doGetBean(AbstractBeanFactory.java:333)
	at org.springframework.beans.factory.support.AbstractBeanFactory.getBean(AbstractBeanFactory.java:208)
	at org.springframework.beans.factory.config.DependencyDescriptor.resolveCandidate(DependencyDescriptor.java:276)
	at org.springframework.beans.factory.support.DefaultListableBeanFactory.doResolveDependency(DefaultListableBeanFactory.java:1389)
	at org.springframework.beans.factory.support.DefaultListableBeanFactory.resolveDependency(DefaultListableBeanFactory.java:1309)
	at org.springframework.beans.factory.support.ConstructorResolver.resolveAutowiredArgument(ConstructorResolver.java:887)
	at org.springframework.beans.factory.support.ConstructorResolver.createArgumentArray(ConstructorResolver.java:791)
	... 26 common frames omitted
Caused by: org.springframework.beans.BeanInstantiationException: Failed to instantiate [com.zaxxer.hikari.HikariDataSource]: Factory method 'dataSource' threw exception; nested exception is java.lang.RuntimeException: Failed to load driver class com.mysql.cj.jdbc.Driver in either of HikariConfig class loader or Thread context classloader
	at org.springframework.beans.factory.support.SimpleInstantiationStrategy.instantiate(SimpleInstantiationStrategy.java:185)
	at org.springframework.beans.factory.support.ConstructorResolver.instantiate(ConstructorResolver.java:653)
	... 40 common frames omitted
Caused by: java.lang.RuntimeException: Failed to load driver class com.mysql.cj.jdbc.Driver in either of HikariConfig class loader or Thread context classloader
	at com.zaxxer.hikari.HikariConfig.setDriverClassName(HikariConfig.java:491)
	at org.springframework.boot.jdbc.DataSourceBuilder$MappedDataSourceProperty.set(DataSourceBuilder.java:460)
	at org.springframework.boot.jdbc.DataSourceBuilder$MappedDataSourceProperties.set(DataSourceBuilder.java:355)
	at org.springframework.boot.jdbc.DataSourceBuilder.build(DataSourceBuilder.java:181)
	at org.springframework.boot.autoconfigure.jdbc.DataSourceConfiguration.createDataSource(DataSourceConfiguration.java:48)
	at org.springframework.boot.autoconfigure.jdbc.DataSourceConfiguration$Hikari.dataSource(DataSourceConfiguration.java:90)
	at java.base/jdk.internal.reflect.NativeMethodAccessorImpl.invoke0(Native Method)
	at java.base/jdk.internal.reflect.NativeMethodAccessorImpl.invoke(NativeMethodAccessorImpl.java:77)
	at java.base/jdk.internal.reflect.DelegatingMethodAccessorImpl.invoke(DelegatingMethodAccessorImpl.java:43)
	at java.base/java.lang.reflect.Method.invoke(Method.java:568)
	at org.springframework.beans.factory.support.SimpleInstantiationStrategy.instantiate(SimpleInstantiationStrategy.java:154)
	... 41 common frames omitted
=2022-01-17 13:22:56,187 [restartedMain] INFO  com.lt.crs.application.CrsDevAppRestApplication                : /Starting CrsDevAppRestApplication using Java 17.0.1 on DESKTOP-IR1M35G with PID 476 (D:\CRS-DEV-APP-REST\target\classes started by Admin in D:\CRS-DEV-APP-REST)
=2022-01-17 13:22:56,189 [restartedMain] INFO  com.lt.crs.application.CrsDevAppRestApplication                : /No active profile set, falling back to default profiles: default
=2022-01-17 13:22:56,448 [restartedMain] INFO  o.s.b.d.e.DevToolsPropertyDefaultsPostProcessor    : /Devtools property defaults active! Set 'spring.devtools.add-properties' to 'false' to disable
=2022-01-17 13:22:56,449 [restartedMain] INFO  o.s.b.d.e.DevToolsPropertyDefaultsPostProcessor    : /For additional web related logging consider setting the 'logging.level.web' property to 'DEBUG'
=2022-01-17 13:22:57,620 [restartedMain] INFO  o.s.d.r.c.RepositoryConfigurationDelegate          : /Bootstrapping Spring Data JPA repositories in DEFAULT mode.
=2022-01-17 13:22:57,793 [restartedMain] INFO  o.s.d.r.c.RepositoryConfigurationDelegate          : /Finished Spring Data repository scanning in 154 ms. Found 9 JPA repository interfaces.
=2022-01-17 13:22:59,625 [restartedMain] INFO  o.s.b.w.embedded.tomcat.TomcatWebServer            : /Tomcat initialized with port(s): 1234 (http)
=2022-01-17 13:22:59,644 [restartedMain] INFO  org.apache.catalina.core.StandardService           : /Starting service [Tomcat]
=2022-01-17 13:22:59,645 [restartedMain] INFO  org.apache.catalina.core.StandardEngine            : /Starting Servlet engine: [Apache Tomcat/9.0.56]
=2022-01-17 13:22:59,879 [restartedMain] INFO  o.a.c.c.C.[Tomcat].[localhost].[/]                 : /Initializing Spring embedded WebApplicationContext
=2022-01-17 13:22:59,880 [restartedMain] INFO  o.s.b.w.s.c.ServletWebServerApplicationContext     : /Root WebApplicationContext: initialization completed in 3428 ms
=2022-01-17 13:23:00,462 [restartedMain] INFO  o.hibernate.jpa.internal.util.LogHelper            : /HHH000204: Processing PersistenceUnitInfo [name: default]
=2022-01-17 13:23:00,593 [restartedMain] INFO  org.hibernate.Version                              : /HHH000412: Hibernate ORM core version 5.6.3.Final
=2022-01-17 13:23:01,021 [restartedMain] INFO  org.hibernate.annotations.common.Version           : /HCANN000001: Hibernate Commons Annotations {5.1.2.Final}
=2022-01-17 13:23:01,267 [restartedMain] INFO  com.zaxxer.hikari.HikariDataSource                 : /HikariPool-1 - Starting...
=2022-01-17 13:23:01,698 [restartedMain] INFO  com.zaxxer.hikari.HikariDataSource                 : /HikariPool-1 - Start completed.
=2022-01-17 13:23:01,742 [restartedMain] INFO  org.hibernate.dialect.Dialect                      : /HHH000400: Using dialect: org.hibernate.dialect.MySQL5Dialect
=2022-01-17 13:23:03,721 [restartedMain] INFO  o.h.e.t.j.p.i.JtaPlatformInitiator                 : /HHH000490: Using JtaPlatform implementation: [org.hibernate.engine.transaction.jta.platform.internal.NoJtaPlatform]
=2022-01-17 13:23:03,740 [restartedMain] INFO  o.s.o.j.LocalContainerEntityManagerFactoryBean     : /Initialized JPA EntityManagerFactory for persistence unit 'default'
=2022-01-17 13:23:06,012 [restartedMain] WARN  o.s.b.a.o.j.JpaBaseConfiguration$JpaWebConfiguration : /spring.jpa.open-in-view is enabled by default. Therefore, database queries may be performed during view rendering. Explicitly configure spring.jpa.open-in-view to disable this warning
=2022-01-17 13:23:08,266 [restartedMain] INFO  o.s.b.d.a.OptionalLiveReloadServer                 : /LiveReload server is running on port 35729
=2022-01-17 13:23:08,489 [restartedMain] INFO  o.s.b.w.embedded.tomcat.TomcatWebServer            : /Tomcat started on port(s): 1234 (http) with context path ''
=2022-01-17 13:23:08,527 [restartedMain] INFO  com.lt.crs.application.CrsDevAppRestApplication                : /Started CrsDevAppRestApplication in 13.417 seconds (JVM running for 15.187)
=2022-01-17 13:26:31,256 [http-nio-1234-exec-1] INFO  o.a.c.c.C.[Tomcat].[localhost].[/]                 : /Initializing Spring DispatcherServlet 'dispatcherServlet'
=2022-01-17 13:26:31,258 [http-nio-1234-exec-1] INFO  o.s.web.servlet.DispatcherServlet                  : /Initializing Servlet 'dispatcherServlet'
=2022-01-17 13:26:31,261 [http-nio-1234-exec-1] INFO  o.s.web.servlet.DispatcherServlet                  : /Completed initialization in 3 ms
=2022-01-17 13:26:33,654 [http-nio-1234-exec-7] INFO  o.springdoc.api.AbstractOpenApiResource            : /Init duration for springdoc-openapi is: 879 ms
=2022-01-17 13:28:15,606 [http-nio-1234-exec-1] INFO  com.lt.crs.application.controller.UserController               : /Inside Student Registration method
=2022-01-17 13:28:15,795 [http-nio-1234-exec-1] INFO  com.lt.crs.application.controller.UserController               : /End of student Registration
=2022-01-17 13:29:03,666 [http-nio-1234-exec-2] INFO  com.lt.crs.application.controller.UserController               : /Inside  userLogin method
=2022-01-17 13:29:04,084 [http-nio-1234-exec-2] WARN  o.s.w.s.m.m.a.ExceptionHandlerExceptionResolver    : /Resolved [com.lt.crs.application.exception.UserNotFoundException: Login unsucessful ! Please try A again]
=2022-01-17 13:30:38,195 [RMI TCP Connection(12)-127.0.0.1] INFO  o.s.b.a.SpringApplicationAdminMXBeanRegistrar$SpringApplicationAdmin : /Application shutdown requested.
=2022-01-17 13:30:38,257 [RMI TCP Connection(12)-127.0.0.1] INFO  o.s.o.j.LocalContainerEntityManagerFactoryBean     : /Closing JPA EntityManagerFactory for persistence unit 'default'
=2022-01-17 13:30:38,262 [RMI TCP Connection(12)-127.0.0.1] INFO  com.zaxxer.hikari.HikariDataSource                 : /HikariPool-1 - Shutdown initiated...
=2022-01-17 13:30:38,269 [RMI TCP Connection(12)-127.0.0.1] INFO  com.zaxxer.hikari.HikariDataSource                 : /HikariPool-1 - Shutdown completed.
=2022-01-17 13:31:13,543 [restartedMain] INFO  com.lt.crs.application.CrsDevAppRestApplication                : /Starting CrsDevAppRestApplication using Java 17.0.1 on DESKTOP-IR1M35G with PID 13520 (D:\CRS-DEV-APP-REST\target\classes started by Admin in D:\CRS-DEV-APP-REST)
=2022-01-17 13:31:13,545 [restartedMain] INFO  com.lt.crs.application.CrsDevAppRestApplication                : /No active profile set, falling back to default profiles: default
=2022-01-17 13:31:13,681 [restartedMain] INFO  o.s.b.d.e.DevToolsPropertyDefaultsPostProcessor    : /Devtools property defaults active! Set 'spring.devtools.add-properties' to 'false' to disable
=2022-01-17 13:31:13,682 [restartedMain] INFO  o.s.b.d.e.DevToolsPropertyDefaultsPostProcessor    : /For additional web related logging consider setting the 'logging.level.web' property to 'DEBUG'
=2022-01-17 13:31:14,791 [restartedMain] INFO  o.s.d.r.c.RepositoryConfigurationDelegate          : /Bootstrapping Spring Data JPA repositories in DEFAULT mode.
=2022-01-17 13:31:14,947 [restartedMain] INFO  o.s.d.r.c.RepositoryConfigurationDelegate          : /Finished Spring Data repository scanning in 139 ms. Found 9 JPA repository interfaces.
=2022-01-17 13:31:16,644 [restartedMain] INFO  o.s.b.w.embedded.tomcat.TomcatWebServer            : /Tomcat initialized with port(s): 1234 (http)
=2022-01-17 13:31:16,663 [restartedMain] INFO  org.apache.catalina.core.StandardService           : /Starting service [Tomcat]
=2022-01-17 13:31:16,663 [restartedMain] INFO  org.apache.catalina.core.StandardEngine            : /Starting Servlet engine: [Apache Tomcat/9.0.56]
=2022-01-17 13:31:16,814 [restartedMain] INFO  o.a.c.c.C.[Tomcat].[localhost].[/]                 : /Initializing Spring embedded WebApplicationContext
=2022-01-17 13:31:16,816 [restartedMain] INFO  o.s.b.w.s.c.ServletWebServerApplicationContext     : /Root WebApplicationContext: initialization completed in 3132 ms
=2022-01-17 13:31:17,326 [restartedMain] INFO  o.hibernate.jpa.internal.util.LogHelper            : /HHH000204: Processing PersistenceUnitInfo [name: default]
=2022-01-17 13:31:17,519 [restartedMain] INFO  org.hibernate.Version                              : /HHH000412: Hibernate ORM core version 5.6.3.Final
=2022-01-17 13:31:17,913 [restartedMain] INFO  org.hibernate.annotations.common.Version           : /HCANN000001: Hibernate Commons Annotations {5.1.2.Final}
=2022-01-17 13:31:18,107 [restartedMain] INFO  com.zaxxer.hikari.HikariDataSource                 : /HikariPool-1 - Starting...
=2022-01-17 13:31:18,495 [restartedMain] INFO  com.zaxxer.hikari.HikariDataSource                 : /HikariPool-1 - Start completed.
=2022-01-17 13:31:18,546 [restartedMain] INFO  org.hibernate.dialect.Dialect                      : /HHH000400: Using dialect: org.hibernate.dialect.MySQL5Dialect
=2022-01-17 13:31:20,172 [restartedMain] INFO  o.h.e.t.j.p.i.JtaPlatformInitiator                 : /HHH000490: Using JtaPlatform implementation: [org.hibernate.engine.transaction.jta.platform.internal.NoJtaPlatform]
=2022-01-17 13:31:20,187 [restartedMain] INFO  o.s.o.j.LocalContainerEntityManagerFactoryBean     : /Initialized JPA EntityManagerFactory for persistence unit 'default'
=2022-01-17 13:31:21,404 [restartedMain] WARN  o.s.b.a.o.j.JpaBaseConfiguration$JpaWebConfiguration : /spring.jpa.open-in-view is enabled by default. Therefore, database queries may be performed during view rendering. Explicitly configure spring.jpa.open-in-view to disable this warning
=2022-01-17 13:31:23,264 [restartedMain] INFO  o.s.b.d.a.OptionalLiveReloadServer                 : /LiveReload server is running on port 35729
=2022-01-17 13:31:23,393 [restartedMain] INFO  o.s.b.w.embedded.tomcat.TomcatWebServer            : /Tomcat started on port(s): 1234 (http) with context path ''
=2022-01-17 13:31:23,415 [restartedMain] INFO  com.lt.crs.application.CrsDevAppRestApplication                : /Started CrsDevAppRestApplication in 11.119 seconds (JVM running for 12.971)
=2022-01-17 13:33:23,930 [http-nio-1234-exec-1] INFO  o.a.c.c.C.[Tomcat].[localhost].[/]                 : /Initializing Spring DispatcherServlet 'dispatcherServlet'
=2022-01-17 13:33:23,930 [http-nio-1234-exec-1] INFO  o.s.web.servlet.DispatcherServlet                  : /Initializing Servlet 'dispatcherServlet'
=2022-01-17 13:33:23,932 [http-nio-1234-exec-1] INFO  o.s.web.servlet.DispatcherServlet                  : /Completed initialization in 1 ms
=2022-01-17 13:33:24,099 [http-nio-1234-exec-1] INFO  com.lt.crs.application.controller.AdminController              : /In approveStudent method admin controller class
=2022-01-17 13:33:24,405 [http-nio-1234-exec-1] INFO  com.lt.crs.application.controller.AdminController              : /Approved student Id :1
=2022-01-17 13:33:49,517 [http-nio-1234-exec-2] INFO  com.lt.crs.application.controller.UserController               : /Inside  userLogin method
=2022-01-17 13:33:49,843 [http-nio-1234-exec-2] INFO  com.lt.crs.application.controller.UserController               : /End of userLogin method
=2022-01-17 13:43:52,478 [Thread-5] INFO  o.s.o.j.LocalContainerEntityManagerFactoryBean     : /Closing JPA EntityManagerFactory for persistence unit 'default'
=2022-01-17 13:43:52,483 [Thread-5] INFO  com.zaxxer.hikari.HikariDataSource                 : /HikariPool-1 - Shutdown initiated...
=2022-01-17 13:43:52,490 [Thread-5] INFO  com.zaxxer.hikari.HikariDataSource                 : /HikariPool-1 - Shutdown completed.
=2022-01-17 13:43:52,755 [restartedMain] INFO  com.lt.crs.application.CrsDevAppRestApplication                : /Starting CrsDevAppRestApplication using Java 17.0.1 on DESKTOP-IR1M35G with PID 13520 (D:\CRS-DEV-APP-REST\target\classes started by Admin in D:\CRS-DEV-APP-REST)
=2022-01-17 13:43:52,756 [restartedMain] INFO  com.lt.crs.application.CrsDevAppRestApplication                : /No active profile set, falling back to default profiles: default
=2022-01-17 13:43:53,176 [restartedMain] INFO  o.s.d.r.c.RepositoryConfigurationDelegate          : /Bootstrapping Spring Data JPA repositories in DEFAULT mode.
=2022-01-17 13:43:53,239 [restartedMain] INFO  o.s.d.r.c.RepositoryConfigurationDelegate          : /Finished Spring Data repository scanning in 63 ms. Found 9 JPA repository interfaces.
=2022-01-17 13:43:53,722 [restartedMain] INFO  o.s.b.w.embedded.tomcat.TomcatWebServer            : /Tomcat initialized with port(s): 1234 (http)
=2022-01-17 13:43:53,733 [restartedMain] INFO  org.apache.catalina.core.StandardService           : /Starting service [Tomcat]
=2022-01-17 13:43:53,734 [restartedMain] INFO  org.apache.catalina.core.StandardEngine            : /Starting Servlet engine: [Apache Tomcat/9.0.56]
=2022-01-17 13:43:53,812 [restartedMain] INFO  o.a.c.c.C.[Tomcat].[localhost].[/]                 : /Initializing Spring embedded WebApplicationContext
=2022-01-17 13:43:53,814 [restartedMain] INFO  o.s.b.w.s.c.ServletWebServerApplicationContext     : /Root WebApplicationContext: initialization completed in 1047 ms
=2022-01-17 13:43:53,999 [restartedMain] INFO  o.hibernate.jpa.internal.util.LogHelper            : /HHH000204: Processing PersistenceUnitInfo [name: default]
=2022-01-17 13:43:54,013 [restartedMain] INFO  com.zaxxer.hikari.HikariDataSource                 : /HikariPool-2 - Starting...
=2022-01-17 13:43:54,021 [restartedMain] INFO  com.zaxxer.hikari.HikariDataSource                 : /HikariPool-2 - Start completed.
=2022-01-17 13:43:54,022 [restartedMain] INFO  org.hibernate.dialect.Dialect                      : /HHH000400: Using dialect: org.hibernate.dialect.MySQL5Dialect
=2022-01-17 13:43:54,493 [restartedMain] INFO  o.h.e.t.j.p.i.JtaPlatformInitiator                 : /HHH000490: Using JtaPlatform implementation: [org.hibernate.engine.transaction.jta.platform.internal.NoJtaPlatform]
=2022-01-17 13:43:54,494 [restartedMain] INFO  o.s.o.j.LocalContainerEntityManagerFactoryBean     : /Initialized JPA EntityManagerFactory for persistence unit 'default'
=2022-01-17 13:43:55,229 [restartedMain] WARN  o.s.b.a.o.j.JpaBaseConfiguration$JpaWebConfiguration : /spring.jpa.open-in-view is enabled by default. Therefore, database queries may be performed during view rendering. Explicitly configure spring.jpa.open-in-view to disable this warning
=2022-01-17 13:43:56,265 [restartedMain] INFO  o.s.b.d.a.OptionalLiveReloadServer                 : /LiveReload server is running on port 35729
=2022-01-17 13:43:56,302 [restartedMain] INFO  o.s.b.w.embedded.tomcat.TomcatWebServer            : /Tomcat started on port(s): 1234 (http) with context path ''
=2022-01-17 13:43:56,315 [restartedMain] INFO  com.lt.crs.application.CrsDevAppRestApplication                : /Started CrsDevAppRestApplication in 3.731 seconds (JVM running for 765.871)
=2022-01-17 13:43:56,320 [restartedMain] INFO  o.s.b.d.a.ConditionEvaluationDeltaLoggingListener  : /Condition evaluation unchanged
=2022-01-17 13:44:01,191 [RMI TCP Connection(17)-127.0.0.1] INFO  o.s.b.a.SpringApplicationAdminMXBeanRegistrar$SpringApplicationAdmin : /Application shutdown requested.
=2022-01-17 13:44:01,213 [RMI TCP Connection(17)-127.0.0.1] INFO  o.s.o.j.LocalContainerEntityManagerFactoryBean     : /Closing JPA EntityManagerFactory for persistence unit 'default'
=2022-01-17 13:44:01,216 [RMI TCP Connection(17)-127.0.0.1] INFO  com.zaxxer.hikari.HikariDataSource                 : /HikariPool-2 - Shutdown initiated...
=2022-01-17 13:44:01,218 [RMI TCP Connection(17)-127.0.0.1] INFO  com.zaxxer.hikari.HikariDataSource                 : /HikariPool-2 - Shutdown completed.
